#
# There is insufficient memory for the Java Runtime Environment to continue.
# Native memory allocation (malloc) failed to allocate 312896 bytes for Chunk::new
# Possible reasons:
#   The system is out of physical RAM or swap space
#   In 32 bit mode, the process size limit was hit
# Possible solutions:
#   Reduce memory load on the system
#   Increase physical memory or swap space
#   Check if swap backing store is full
#   Use 64 bit Java on a 64 bit OS
#   Decrease Java heap size (-Xmx/-Xms)
#   Decrease number of Java threads
#   Decrease Java thread stack sizes (-Xss)
#   Set larger code cache with -XX:ReservedCodeCacheSize=
# This output file may be truncated or incomplete.
#
#  Out of Memory Error (allocation.cpp:390), pid=8292, tid=0x000000000000222c
#
# JRE version: Java(TM) SE Runtime Environment (8.0_162-b12) (build 1.8.0_162-b12)
# Java VM: Java HotSpot(TM) 64-Bit Server VM (25.162-b12 mixed mode windows-amd64 compressed oops)
# Failed to write core dump. Minidumps are not enabled by default on client versions of Windows
#

---------------  T H R E A D  ---------------

Current thread (0x0000000054cdb000):  JavaThread "C2 CompilerThread0" daemon [_thread_in_native, id=8748, stack(0x0000000056890000,0x0000000056990000)]

Stack: [0x0000000056890000,0x0000000056990000]
[error occurred during error reporting (printing stack bounds), id 0xc0000005]

Native frames: (J=compiled Java code, j=interpreted, Vv=VM code, C=native code)


Current CompileTask:
C2:   4737 2414       4       org.hibernate.validator.internal.metadata.aggregated.BeanMetaDataImpl$BuilderDelegate::add (116 bytes)


---------------  P R O C E S S  ---------------

Java Threads: ( => current thread )
  0x0000000056f88000 JavaThread "Tomcat JDBC Pool Cleaner[1867083167:1532862581352]" daemon [_thread_in_vm, id=9264, stack(0x000000005b190000,0x000000005b290000)]
  0x0000000057056800 JavaThread "ReaderThread" [_thread_in_native, id=1928, stack(0x00000000578c0000,0x00000000579c0000)]
  0x0000000056087000 JavaThread "Service Thread" daemon [_thread_blocked, id=6148, stack(0x0000000056b70000,0x0000000056c70000)]
  0x0000000055fd1800 JavaThread "C1 CompilerThread2" daemon [_thread_blocked, id=8476, stack(0x00000000563f0000,0x00000000564f0000)]
  0x0000000055fd0000 JavaThread "C2 CompilerThread1" daemon [_thread_in_native, id=7604, stack(0x0000000056a40000,0x0000000056b40000)]
=>0x0000000054cdb000 JavaThread "C2 CompilerThread0" daemon [_thread_in_native, id=8748, stack(0x0000000056890000,0x0000000056990000)]
  0x0000000055fcb800 JavaThread "Attach Listener" daemon [_thread_blocked, id=6176, stack(0x0000000056660000,0x0000000056760000)]
  0x0000000055fca800 JavaThread "Signal Dispatcher" daemon [_thread_blocked, id=3720, stack(0x0000000056520000,0x0000000056620000)]
  0x0000000054cbf000 JavaThread "Finalizer" daemon [_thread_blocked, id=7332, stack(0x0000000055d30000,0x0000000055e30000)]
  0x0000000054c77800 JavaThread "Reference Handler" daemon [_thread_blocked, id=1996, stack(0x0000000055eb0000,0x0000000055fb0000)]
  0x000000000214b800 JavaThread "main" [_thread_blocked, id=4636, stack(0x0000000002230000,0x0000000002330000)]

Other Threads:
  0x0000000054c70000 VMThread [stack: 0x0000000055be0000,0x0000000055ce0000] [id=7932]
  0x0000000055fe6800 WatcherThread [stack: 0x0000000056d80000,0x0000000056e80000] [id=7404]

VM state:synchronizing (normal execution)

VM Mutex/Monitor currently owned by a thread:  ([mutex/lock_event])
[0x0000000002149fb0] Threads_lock - owner thread: 0x0000000054c70000
[0x000000000214a9b0] Compile_lock - owner thread: 0x000000000214b800

Heap:
 PSYoungGen      total 115712K, used 35234K [0x00000000eb400000, 0x00000000f3e00000, 0x0000000100000000)
  eden space 111104K, 31% used [0x00000000eb400000,0x00000000ed668920,0x00000000f2080000)
  from space 4608K, 0% used [0x00000000f3980000,0x00000000f3980000,0x00000000f3e00000)
  to   space 7168K, 0% used [0x00000000f3000000,0x00000000f3000000,0x00000000f3700000)
 ParOldGen       total 31232K, used 10232K [0x00000000c1c00000, 0x00000000c3a80000, 0x00000000eb400000)
  object space 31232K, 32% used [0x00000000c1c00000,0x00000000c25fe3d0,0x00000000c3a80000)
 Metaspace       used 26140K, capacity 26476K, committed 26624K, reserved 1075200K
  class space    used 3210K, capacity 3323K, committed 3328K, reserved 1048576K

Card table byte_map: [0x0000000011790000,0x0000000011990000] byte_map_base: 0x0000000011182000

Marking Bits: (ParMarkBitMap*) 0x000000005d680860
 Begin Bits: [0x00000000121c0000, 0x0000000013150000)
 End Bits:   [0x0000000013150000, 0x00000000140e0000)

Polling page: 0x0000000000100000

CodeCache: size=245760Kb used=8068Kb max_used=8958Kb free=237691Kb
 bounds [0x00000000023d0000, 0x0000000002ca0000, 0x00000000113d0000]
 total_blobs=2687 nmethods=2288 adapters=309
 compilation: enabled

Compilation events (10 events):
Event: 4.593 Thread 0x0000000055fd1800 2489       1       org.hibernate.validator.internal.metadata.aggregated.AbstractConstraintMetaData::getName (5 bytes)
Event: 4.593 Thread 0x0000000055fd1800 nmethod 2489 0x0000000002c6e990 code [0x0000000002c6eae0, 0x0000000002c6ebf0]
Event: 4.593 Thread 0x0000000055fd1800 2483       1       org.hibernate.validator.internal.metadata.raw.ConstrainedParameter::getTypeArgumentsConstraints (5 bytes)
Event: 4.593 Thread 0x0000000055fd1800 nmethod 2483 0x0000000002c7af50 code [0x0000000002c7b0a0, 0x0000000002c7b1b0]
Event: 4.593 Thread 0x0000000055fd1800 2487       3       org.hibernate.validator.internal.metadata.raw.ExecutableElement$MethodElement::getReturnType (8 bytes)
Event: 4.593 Thread 0x0000000055fd1800 nmethod 2487 0x0000000002c7b210 code [0x0000000002c7b360, 0x0000000002c7b550]
Event: 4.595 Thread 0x0000000055fd1800 2490       1       org.hibernate.validator.internal.metadata.aggregated.ExecutableMetaData::getSignatures (5 bytes)
Event: 4.595 Thread 0x0000000055fd1800 nmethod 2490 0x0000000002c7b610 code [0x0000000002c7b760, 0x0000000002c7b870]
Event: 4.595 Thread 0x0000000055fd1800 2491       1       org.hibernate.validator.internal.metadata.aggregated.AbstractConstraintMetaData::isConstrained (5 bytes)
Event: 4.595 Thread 0x0000000055fd1800 nmethod 2491 0x0000000002c7b8d0 code [0x0000000002c7ba20, 0x0000000002c7bb30]

GC Heap History (10 events):
Event: 3.330 GC heap before
{Heap before GC invocations=6 (full 0):
 PSYoungGen      total 35328K, used 35316K [0x00000000eb400000, 0x00000000f0200000, 0x0000000100000000)
  eden space 32768K, 100% used [0x00000000eb400000,0x00000000ed400000,0x00000000ed400000)
  from space 2560K, 99% used [0x00000000ed400000,0x00000000ed67d260,0x00000000ed680000)
  to   space 7168K, 0% used [0x00000000efb00000,0x00000000efb00000,0x00000000f0200000)
 ParOldGen       total 44032K, used 8047K [0x00000000c1c00000, 0x00000000c4700000, 0x00000000eb400000)
  object space 44032K, 18% used [0x00000000c1c00000,0x00000000c23dbd28,0x00000000c4700000)
 Metaspace       used 20266K, capacity 20478K, committed 20736K, reserved 1067008K
  class space    used 2454K, capacity 2488K, committed 2560K, reserved 1048576K
Event: 3.341 GC heap after
Heap after GC invocations=6 (full 0):
 PSYoungGen      total 71680K, used 7006K [0x00000000eb400000, 0x00000000f0400000, 0x0000000100000000)
  eden space 64512K, 0% used [0x00000000eb400000,0x00000000eb400000,0x00000000ef300000)
  from space 7168K, 97% used [0x00000000efb00000,0x00000000f01d7950,0x00000000f0200000)
  to   space 8192K, 0% used [0x00000000ef300000,0x00000000ef300000,0x00000000efb00000)
 ParOldGen       total 44032K, used 8119K [0x00000000c1c00000, 0x00000000c4700000, 0x00000000eb400000)
  object space 44032K, 18% used [0x00000000c1c00000,0x00000000c23edd38,0x00000000c4700000)
 Metaspace       used 20266K, capacity 20478K, committed 20736K, reserved 1067008K
  class space    used 2454K, capacity 2488K, committed 2560K, reserved 1048576K
}
Event: 3.408 GC heap before
{Heap before GC invocations=7 (full 0):
 PSYoungGen      total 71680K, used 15167K [0x00000000eb400000, 0x00000000f0400000, 0x0000000100000000)
  eden space 64512K, 12% used [0x00000000eb400000,0x00000000ebbf8510,0x00000000ef300000)
  from space 7168K, 97% used [0x00000000efb00000,0x00000000f01d7950,0x00000000f0200000)
  to   space 8192K, 0% used [0x00000000ef300000,0x00000000ef300000,0x00000000efb00000)
 ParOldGen       total 44032K, used 8119K [0x00000000c1c00000, 0x00000000c4700000, 0x00000000eb400000)
  object space 44032K, 18% used [0x00000000c1c00000,0x00000000c23edd38,0x00000000c4700000)
 Metaspace       used 20920K, capacity 21086K, committed 21296K, reserved 1069056K
  class space    used 2525K, capacity 2584K, committed 2688K, reserved 1048576K
Event: 3.417 GC heap after
Heap after GC invocations=7 (full 0):
 PSYoungGen      total 72704K, used 4347K [0x00000000eb400000, 0x00000000f4100000, 0x0000000100000000)
  eden space 64512K, 0% used [0x00000000eb400000,0x00000000eb400000,0x00000000ef300000)
  from space 8192K, 53% used [0x00000000ef300000,0x00000000ef73ed40,0x00000000efb00000)
  to   space 7680K, 0% used [0x00000000f3980000,0x00000000f3980000,0x00000000f4100000)
 ParOldGen       total 44032K, used 9167K [0x00000000c1c00000, 0x00000000c4700000, 0x00000000eb400000)
  object space 44032K, 20% used [0x00000000c1c00000,0x00000000c24f3dc8,0x00000000c4700000)
 Metaspace       used 20920K, capacity 21086K, committed 21296K, reserved 1069056K
  class space    used 2525K, capacity 2584K, committed 2688K, reserved 1048576K
}
Event: 3.417 GC heap before
{Heap before GC invocations=8 (full 1):
 PSYoungGen      total 72704K, used 4347K [0x00000000eb400000, 0x00000000f4100000, 0x0000000100000000)
  eden space 64512K, 0% used [0x00000000eb400000,0x00000000eb400000,0x00000000ef300000)
  from space 8192K, 53% used [0x00000000ef300000,0x00000000ef73ed40,0x00000000efb00000)
  to   space 7680K, 0% used [0x00000000f3980000,0x00000000f3980000,0x00000000f4100000)
 ParOldGen       total 44032K, used 9167K [0x00000000c1c00000, 0x00000000c4700000, 0x00000000eb400000)
  object space 44032K, 20% used [0x00000000c1c00000,0x00000000c24f3dc8,0x00000000c4700000)
 Metaspace       used 20920K, capacity 21086K, committed 21296K, reserved 1069056K
  class space    used 2525K, capacity 2584K, committed 2688K, reserved 1048576K
Event: 3.462 GC heap after
Heap after GC invocations=8 (full 1):
 PSYoungGen      total 72704K, used 0K [0x00000000eb400000, 0x00000000f4100000, 0x0000000100000000)
  eden space 64512K, 0% used [0x00000000eb400000,0x00000000eb400000,0x00000000ef300000)
  from space 8192K, 0% used [0x00000000ef300000,0x00000000ef300000,0x00000000efb00000)
  to   space 7680K, 0% used [0x00000000f3980000,0x00000000f3980000,0x00000000f4100000)
 ParOldGen       total 31232K, used 6803K [0x00000000c1c00000, 0x00000000c3a80000, 0x00000000eb400000)
  object space 31232K, 21% used [0x00000000c1c00000,0x00000000c22a4e60,0x00000000c3a80000)
 Metaspace       used 20920K, capacity 21086K, committed 21296K, reserved 1069056K
  class space    used 2525K, capacity 2584K, committed 2688K, reserved 1048576K
}
Event: 4.239 GC heap before
{Heap before GC invocations=9 (full 1):
 PSYoungGen      total 72704K, used 54034K [0x00000000eb400000, 0x00000000f4100000, 0x0000000100000000)
  eden space 64512K, 83% used [0x00000000eb400000,0x00000000ee8c4928,0x00000000ef300000)
  from space 8192K, 0% used [0x00000000ef300000,0x00000000ef300000,0x00000000efb00000)
  to   space 7680K, 0% used [0x00000000f3980000,0x00000000f3980000,0x00000000f4100000)
 ParOldGen       total 31232K, used 6803K [0x00000000c1c00000, 0x00000000c3a80000, 0x00000000eb400000)
  object space 31232K, 21% used [0x00000000c1c00000,0x00000000c22a4e60,0x00000000c3a80000)
 Metaspace       used 24213K, capacity 24480K, committed 24576K, reserved 1075200K
  class space    used 2963K, capacity 3065K, committed 3072K, reserved 1048576K
Event: 4.245 GC heap after
Heap after GC invocations=9 (full 1):
 PSYoungGen      total 115712K, used 4415K [0x00000000eb400000, 0x00000000f3e00000, 0x0000000100000000)
  eden space 111104K, 0% used [0x00000000eb400000,0x00000000eb400000,0x00000000f2080000)
  from space 4608K, 95% used [0x00000000f3980000,0x00000000f3dcfcf8,0x00000000f3e00000)
  to   space 7168K, 0% used [0x00000000f3000000,0x00000000f3000000,0x00000000f3700000)
 ParOldGen       total 31232K, used 6811K [0x00000000c1c00000, 0x00000000c3a80000, 0x00000000eb400000)
  object space 31232K, 21% used [0x00000000c1c00000,0x00000000c22a6e60,0x00000000c3a80000)
 Metaspace       used 24213K, capacity 24480K, committed 24576K, reserved 1075200K
  class space    used 2963K, capacity 3065K, committed 3072K, reserved 1048576K
}
Event: 4.245 GC heap before
{Heap before GC invocations=10 (full 2):
 PSYoungGen      total 115712K, used 4415K [0x00000000eb400000, 0x00000000f3e00000, 0x0000000100000000)
  eden space 111104K, 0% used [0x00000000eb400000,0x00000000eb400000,0x00000000f2080000)
  from space 4608K, 95% used [0x00000000f3980000,0x00000000f3dcfcf8,0x00000000f3e00000)
  to   space 7168K, 0% used [0x00000000f3000000,0x00000000f3000000,0x00000000f3700000)
 ParOldGen       total 31232K, used 6811K [0x00000000c1c00000, 0x00000000c3a80000, 0x00000000eb400000)
  object space 31232K, 21% used [0x00000000c1c00000,0x00000000c22a6e60,0x00000000c3a80000)
 Metaspace       used 24213K, capacity 24480K, committed 24576K, reserved 1075200K
  class space    used 2963K, capacity 3065K, committed 3072K, reserved 1048576K
Event: 4.296 GC heap after
Heap after GC invocations=10 (full 2):
 PSYoungGen      total 115712K, used 0K [0x00000000eb400000, 0x00000000f3e00000, 0x0000000100000000)
  eden space 111104K, 0% used [0x00000000eb400000,0x00000000eb400000,0x00000000f2080000)
  from space 4608K, 0% used [0x00000000f3980000,0x00000000f3980000,0x00000000f3e00000)
  to   space 7168K, 0% used [0x00000000f3000000,0x00000000f3000000,0x00000000f3700000)
 ParOldGen       total 31232K, used 10232K [0x00000000c1c00000, 0x00000000c3a80000, 0x00000000eb400000)
  object space 31232K, 32% used [0x00000000c1c00000,0x00000000c25fe3d0,0x00000000c3a80000)
 Metaspace       used 24213K, capacity 24480K, committed 24576K, reserved 1073152K
  class space    used 2963K, capacity 3065K, committed 3072K, reserved 1048576K
}

Deoptimization events (10 events):
Event: 3.996 Thread 0x000000000214b800 Uncommon trap: reason=class_check action=maybe_recompile pc=0x0000000002810058 method=java.util.concurrent.ConcurrentHashMap.putVal(Ljava/lang/Object;Ljava/lang/Object;Z)Ljava/lang/Object; @ 192
Event: 3.997 Thread 0x000000000214b800 Uncommon trap: reason=class_check action=maybe_recompile pc=0x0000000002810058 method=java.util.concurrent.ConcurrentHashMap.putVal(Ljava/lang/Object;Ljava/lang/Object;Z)Ljava/lang/Object; @ 192
Event: 4.084 Thread 0x000000000214b800 Uncommon trap: reason=bimorphic action=maybe_recompile pc=0x0000000002ba9880 method=java.util.concurrent.ConcurrentHashMap.putVal(Ljava/lang/Object;Ljava/lang/Object;Z)Ljava/lang/Object; @ 192
Event: 4.084 Thread 0x000000000214b800 Uncommon trap: reason=unstable_if action=reinterpret pc=0x0000000002bd63d8 method=org.springframework.asm.Type.getArgumentTypes(Ljava/lang/String;)[Lorg/springframework/asm/Type; @ 58
Event: 4.084 Thread 0x000000000214b800 Uncommon trap: reason=unstable_if action=reinterpret pc=0x00000000029bed48 method=java.util.concurrent.ConcurrentHashMap.get(Ljava/lang/Object;)Ljava/lang/Object; @ 76
Event: 4.113 Thread 0x000000000214b800 Uncommon trap: reason=unstable_if action=reinterpret pc=0x0000000002843b04 method=java.lang.reflect.Method.equals(Ljava/lang/Object;)Z @ 1
Event: 4.473 Thread 0x000000000214b800 Uncommon trap: reason=bimorphic action=maybe_recompile pc=0x0000000002ba9880 method=java.util.concurrent.ConcurrentHashMap.putVal(Ljava/lang/Object;Ljava/lang/Object;Z)Ljava/lang/Object; @ 192
Event: 4.498 Thread 0x000000000214b800 Uncommon trap: reason=bimorphic action=maybe_recompile pc=0x0000000002ba9880 method=java.util.concurrent.ConcurrentHashMap.putVal(Ljava/lang/Object;Ljava/lang/Object;Z)Ljava/lang/Object; @ 192
Event: 4.541 Thread 0x000000000214b800 Uncommon trap: reason=unstable_if action=reinterpret pc=0x0000000002c3d92c method=org.hibernate.validator.internal.util.ExecutableHelper.overrides(Ljava/lang/reflect/Method;Ljava/lang/reflect/Method;)Z @ 33
Event: 4.542 Thread 0x000000000214b800 Uncommon trap: reason=unstable_if action=reinterpret pc=0x0000000002c42294 method=org.hibernate.validator.internal.util.ExecutableHelper.overrides(Ljava/lang/reflect/Method;Ljava/lang/reflect/Method;)Z @ 33

Classes redefined (0 events):
No events

Internal exceptions (10 events):
Event: 4.231 Thread 0x000000000214b800 Exception <a 'java/lang/ClassNotFoundException': org/springframework/context/EnvironmentAwareCustomizer> (0x00000000ee7777c0) thrown at [C:\re\workspace\8-2-build-windows-amd64-cygwin\jdk8u162\10278\hotspot\src\share\vm\classfile\systemDictionary.cpp, lin
Event: 4.231 Thread 0x000000000214b800 Exception <a 'java/lang/ClassNotFoundException': org/springframework/beans/factory/InitializingBeanCustomizer> (0x00000000ee793e58) thrown at [C:\re\workspace\8-2-build-windows-amd64-cygwin\jdk8u162\10278\hotspot\src\share\vm\classfile\systemDictionary.cp
Event: 4.416 Thread 0x000000000214b800 Exception <a 'java/lang/ClassNotFoundException': java/lang/ObjectCustomizer> (0x00000000ebf37250) thrown at [C:\re\workspace\8-2-build-windows-amd64-cygwin\jdk8u162\10278\hotspot\src\share\vm\classfile\systemDictionary.cpp, line 210]
Event: 4.417 Thread 0x000000000214b800 Exception <a 'java/lang/ClassNotFoundException': org/apache/tomcat/jdbc/pool/DataSourceProxyCustomizer> (0x00000000ebf55030) thrown at [C:\re\workspace\8-2-build-windows-amd64-cygwin\jdk8u162\10278\hotspot\src\share\vm\classfile\systemDictionary.cpp, line
Event: 4.424 Thread 0x000000000214b800 Exception <a 'java/lang/ClassNotFoundException': org/apache/tomcat/jdbc/pool/DataSourceCustomizer> (0x00000000ec01b458) thrown at [C:\re\workspace\8-2-build-windows-amd64-cygwin\jdk8u162\10278\hotspot\src\share\vm\classfile\systemDictionary.cpp, line 210]
Event: 4.431 Thread 0x000000000214b800 Exception <a 'java/lang/ClassNotFoundException': javax/sql/DataSourceCustomizer> (0x00000000ec0d7198) thrown at [C:\re\workspace\8-2-build-windows-amd64-cygwin\jdk8u162\10278\hotspot\src\share\vm\classfile\systemDictionary.cpp, line 210]
Event: 4.432 Thread 0x000000000214b800 Exception <a 'java/lang/ClassNotFoundException': javax/management/MBeanRegistrationCustomizer> (0x00000000ec0e4aa0) thrown at [C:\re\workspace\8-2-build-windows-amd64-cygwin\jdk8u162\10278\hotspot\src\share\vm\classfile\systemDictionary.cpp, line 210]
Event: 4.433 Thread 0x000000000214b800 Exception <a 'java/lang/ClassNotFoundException': org/apache/tomcat/jdbc/pool/jmx/ConnectionPoolMBeanCustomizer> (0x00000000ec102498) thrown at [C:\re\workspace\8-2-build-windows-amd64-cygwin\jdk8u162\10278\hotspot\src\share\vm\classfile\systemDictionary.c
Event: 4.434 Thread 0x000000000214b800 Exception <a 'java/lang/ClassNotFoundException': javax/sql/ConnectionPoolDataSourceCustomizer> (0x00000000ec11eee0) thrown at [C:\re\workspace\8-2-build-windows-amd64-cygwin\jdk8u162\10278\hotspot\src\share\vm\classfile\systemDictionary.cpp, line 210]
Event: 4.435 Thread 0x000000000214b800 Exception <a 'java/lang/ClassNotFoundException': org/apache/tomcat/jdbc/pool/PoolConfigurationCustomizer> (0x00000000ec13aaa8) thrown at [C:\re\workspace\8-2-build-windows-amd64-cygwin\jdk8u162\10278\hotspot\src\share\vm\classfile\systemDictionary.cpp, li

Events (10 events):
Event: 4.594 loading class org/hibernate/validator/internal/util/logging/Log_$logger_ja_JP
Event: 4.594 loading class org/hibernate/validator/internal/util/logging/Log_$logger_ja_JP done
Event: 4.594 loading class org/hibernate/validator/internal/util/logging/Log_$logger_ja
Event: 4.594 loading class org/hibernate/validator/internal/util/logging/Log_$logger_ja done
Event: 4.595 loading class org/hibernate/validator/internal/metadata/descriptor/BeanDescriptorImpl
Event: 4.595 loading class org/hibernate/validator/internal/metadata/descriptor/BeanDescriptorImpl done
Event: 4.596 loading class org/hibernate/validator/internal/metadata/descriptor/ElementDescriptorImpl
Event: 4.596 loading class org/hibernate/validator/internal/metadata/descriptor/ElementDescriptorImpl done
Event: 4.596 loading class javax/validation/metadata/ElementDescriptor$ConstraintFinder
Event: 4.596 loading class javax/validation/metadata/ElementDescriptor$ConstraintFinder done


Dynamic libraries:
0x000000013fa50000 - 0x000000013fa87000 	C:\pleiades\java\8\bin\javaw.exe
0x0000000077af0000 - 0x0000000077c8f000 	C:\Windows\SYSTEM32\ntdll.dll
0x00000000779d0000 - 0x0000000077aef000 	C:\Windows\system32\kernel32.dll
0x000007fefda50000 - 0x000007fefdaba000 	C:\Windows\system32\KERNELBASE.dll
0x000007feffd00000 - 0x000007feffddb000 	C:\Windows\system32\ADVAPI32.dll
0x000007fefdb80000 - 0x000007fefdc1f000 	C:\Windows\system32\msvcrt.dll
0x000007fefe130000 - 0x000007fefe14f000 	C:\Windows\SYSTEM32\sechost.dll
0x000007feff5f0000 - 0x000007feff71d000 	C:\Windows\system32\RPCRT4.dll
0x00000000778d0000 - 0x00000000779ca000 	C:\Windows\system32\USER32.dll
0x000007feff330000 - 0x000007feff397000 	C:\Windows\system32\GDI32.dll
0x000007feff320000 - 0x000007feff32e000 	C:\Windows\system32\LPK.dll
0x000007fefdd10000 - 0x000007fefdddb000 	C:\Windows\system32\USP10.dll
0x000007fefc190000 - 0x000007fefc384000 	C:\Windows\WinSxS\amd64_microsoft.windows.common-controls_6595b64144ccf1df_6.0.7601.18837_none_fa3b1e3d17594757\COMCTL32.dll
0x000007fefdde0000 - 0x000007fefde51000 	C:\Windows\system32\SHLWAPI.dll
0x000007feff9a0000 - 0x000007feff9ce000 	C:\Windows\system32\IMM32.DLL
0x000007feff4e0000 - 0x000007feff5e9000 	C:\Windows\system32\MSCTF.dll
0x000000006c330000 - 0x000000006c401000 	C:\pleiades\java\8\jre\bin\msvcr100.dll
0x000000005ce60000 - 0x000000005d700000 	C:\pleiades\java\8\jre\bin\server\jvm.dll
0x000007fefa2d0000 - 0x000007fefa2d9000 	C:\Windows\system32\WSOCK32.dll
0x000007fefdc20000 - 0x000007fefdc6d000 	C:\Windows\system32\WS2_32.dll
0x000007feff0e0000 - 0x000007feff0e8000 	C:\Windows\system32\NSI.dll
0x000007fef9c40000 - 0x000007fef9c7b000 	C:\Windows\system32\WINMM.dll
0x000007fefc850000 - 0x000007fefc85c000 	C:\Windows\system32\VERSION.dll
0x0000000077ca0000 - 0x0000000077ca7000 	C:\Windows\system32\PSAPI.DLL
0x0000000074820000 - 0x000000007482f000 	C:\pleiades\java\8\jre\bin\verify.dll
0x00000000701a0000 - 0x00000000701c9000 	C:\pleiades\java\8\jre\bin\java.dll
0x0000000073f40000 - 0x0000000073f56000 	C:\pleiades\java\8\jre\bin\zip.dll
0x000007fefe350000 - 0x000007feff0db000 	C:\Windows\system32\SHELL32.dll
0x000007fefe150000 - 0x000007fefe34d000 	C:\Windows\system32\ole32.dll
0x000007fefd7c0000 - 0x000007fefd7cf000 	C:\Windows\system32\profapi.dll
0x00000000703f0000 - 0x000000007040a000 	C:\pleiades\java\8\jre\bin\net.dll
0x000007fefcf50000 - 0x000007fefcfa5000 	C:\Windows\system32\mswsock.dll
0x000007fefcf40000 - 0x000007fefcf47000 	C:\Windows\System32\wship6.dll
0x000000006f9d0000 - 0x000000006f9dd000 	C:\pleiades\java\8\jre\bin\management.dll
0x000007fefb8e0000 - 0x000007fefb8f5000 	C:\Windows\system32\NLAapi.dll
0x000007fef5770000 - 0x000007fef5785000 	C:\Windows\system32\napinsp.dll
0x000007fef5750000 - 0x000007fef5769000 	C:\Windows\system32\pnrpnsp.dll
0x000007fefa260000 - 0x000007fefa28e000 	C:\Program Files\Common Files\Microsoft Shared\Windows Live\WLIDNSP.DLL
0x000007fefcdd0000 - 0x000007fefce2b000 	C:\Windows\system32\DNSAPI.dll
0x000007fef5740000 - 0x000007fef574b000 	C:\Windows\System32\winrnr.dll
0x000007fefc920000 - 0x000007fefc927000 	C:\Windows\System32\wshtcpip.dll
0x000007fefb5e0000 - 0x000007fefb607000 	C:\Windows\system32\IPHLPAPI.DLL
0x000007fefb5d0000 - 0x000007fefb5db000 	C:\Windows\system32\WINNSI.DLL
0x000007fefa250000 - 0x000007fefa258000 	C:\Windows\system32\rasadhlp.dll
0x000007fefb520000 - 0x000007fefb573000 	C:\Windows\System32\fwpuclnt.dll
0x000000006f9b0000 - 0x000000006f9c1000 	C:\pleiades\java\8\jre\bin\nio.dll

VM Arguments:
jvm_args: -ea -Dfile.encoding=UTF-8 
java_command: org.eclipse.jdt.internal.junit.runner.RemoteTestRunner -version 3 -port 53770 -testLoaderClass org.eclipse.jdt.internal.junit4.runner.JUnit4TestLoader -loaderpluginname org.eclipse.jdt.junit4.runtime -classNames com.example.demo.BookServiceImplTest
java_class_path (initial): C:\pleiades\workspace\springSimpleMybatis\target\test-classes;C:\pleiades\workspace\springSimpleMybatis\target\classes;C:\Users\User\.m2\repository\org\springframework\boot\spring-boot-starter-aop\1.5.14.RELEASE\spring-boot-starter-aop-1.5.14.RELEASE.jar;C:\Users\User\.m2\repository\org\springframework\boot\spring-boot-starter\1.5.14.RELEASE\spring-boot-starter-1.5.14.RELEASE.jar;C:\Users\User\.m2\repository\org\springframework\boot\spring-boot\1.5.14.RELEASE\spring-boot-1.5.14.RELEASE.jar;C:\Users\User\.m2\repository\org\springframework\boot\spring-boot-autoconfigure\1.5.14.RELEASE\spring-boot-autoconfigure-1.5.14.RELEASE.jar;C:\Users\User\.m2\repository\org\springframework\boot\spring-boot-starter-logging\1.5.14.RELEASE\spring-boot-starter-logging-1.5.14.RELEASE.jar;C:\Users\User\.m2\repository\ch\qos\logback\logback-classic\1.1.11\logback-classic-1.1.11.jar;C:\Users\User\.m2\repository\ch\qos\logback\logback-core\1.1.11\logback-core-1.1.11.jar;C:\Users\User\.m2\repository\org\slf4j\jul-to-slf4j\1.7.25\jul-to-slf4j-1.7.25.jar;C:\Users\User\.m2\repository\org\slf4j\log4j-over-slf4j\1.7.25\log4j-over-slf4j-1.7.25.jar;C:\Users\User\.m2\repository\org\yaml\snakeyaml\1.17\snakeyaml-1.17.jar;C:\Users\User\.m2\repository\org\springframework\spring-aop\4.3.18.RELEASE\spring-aop-4.3.18.RELEASE.jar;C:\Users\User\.m2\repository\org\aspectj\aspectjweaver\1.8.13\aspectjweaver-1.8.13.jar;C:\Users\User\.m2\repository\org\springframework\boot\spring-boot-starter-data-redis\1.5.14.RELEASE\spring-boot-starter-data-redis-1.5.14.RELEASE.jar;C:\Users\User\.m2\repository\org\springframework\data\spring-data-redis\1.8.13.RELEASE\spring-data-redis-1.8.13.RELEASE.jar;C:\Users\User\.m2\repository\org\springframework\data\spring-data-keyvalue\1.2.13.RELEASE\spring-data-keyvalue-1.2.13.RELEASE.jar;C:\Users\User\.m2\repository\org\springframework\data\spring-data-commons\1.13.13.RELEASE\spring-data-commons-1.13.13.RELEASE.jar;C:\Users\User\.m2\repository\org\sprin
Launcher Type: SUN_STANDARD

Environment Variables:
JAVA_HOME=C:\Program Files\Java\jdk1.8.0_171
PATH=C:/pleiades/eclipse/jre/bin/../jre/bin/server;C:/pleiades/eclipse/jre/bin/../jre/bin;C:/pleiades/eclipse/jre/bin/../jre/lib/amd64;C:\Program Files (x86)\Common Files\Oracle\Java\javapath;C:\DB\oracle\product\12.2.0\dbhome_1\bin;C:\app\client\User\product\12.1.0\client_2;C:\app\client\User\product\12.1.0\client_2\bin;C:\app\User\product\12.1.0\dbhome_3\bin;C:\app\User\product\12.1.0\client_1;C:\app\User\product\12.1.0\dbhome_2\bin;C:\app\User\product\12.1.0\dbhome_1\bin;C:\app\test\product\12.1.0\dbhome_2\bin;C:\app\test\product\12.1.0\dbhome_1\bin;C:\app\client\User\product\12.1.0\client_1;C:\app\client\User\product\12.1.0\client_1\bin;C:\Program Files\Common Files\Microsoft Shared\Windows Live;C:\Program Files (x86)\Common Files\Microsoft Shared\Windows Live;C:\Windows\system32;C:\Windows;C:\Windows\System32\Wbem;C:\Windows\System32\WindowsPowerShell\v1.0\;C:\Program Files (x86)\Intel\Services\IPT\;C:\Program Files (x86)\Windows Live\Shared;C:\Program Files (x86)\Symantec\VIP Access Client\;C:\Program Files\Intel\WiFi\bin\;C:\Program Files\Common Files\Intel\WirelessCommon\;c:\Program Files\Microsoft SQL Server\110\Tools\Binn\;c:\Program Files (x86)\Microsoft SQL Server\110\Tools\Binn\;c:\Program Files\Microsoft SQL Server\110\DTS\Binn\;c:\Program Files (x86)\Microsoft SQL Server\110\Tools\Binn\ManagementStudio\;c:\Program Files (x86)\Microsoft SQL Server\110\DTS\Binn\;C:\PostgreSQL\10\bin;C:\Program Files\Java\jdk1.8.0_171\bin;C:\ProgramData\Oracle\Java\javapath;C:\Users\User\.dnx\bin;C:\Program Files\Intel\WiFi\bin\;C:\Program Files\Common Files\Intel\WirelessCommon\;C:\bat;C:\pleiades\eclipse;
USERNAME=User
OS=Windows_NT
PROCESSOR_IDENTIFIER=Intel64 Family 6 Model 42 Stepping 7, GenuineIntel



---------------  S Y S T E M  ---------------

OS: Windows 7 , 64 bit Build 7601 (6.1.7601.24168)

CPU:total 4 (initial active 4) (2 cores per cpu, 2 threads per core) family 6 model 42 stepping 7, cmov, cx8, fxsr, mmx, sse, sse2, sse3, ssse3, sse4.1, sse4.2, popcnt, avx, aes, clmul, ht, tsc, tscinvbit

Memory: 4k page, physical 4078816k(567836k free), swap 6227340k(2700k free)

vm_info: Java HotSpot(TM) 64-Bit Server VM (25.162-b12) for windows-amd64 JRE (1.8.0_162-b12), built on Dec 19 2017 20:00:03 by "java_re" with MS VC++ 10.0 (VS2010)

time: Sun Jul 29 20:09:41 2018
elapsed time: 4 seconds (0d 0h 0m 4s)

